Arguments: 
  /Users/alexandrejuliao/.nvm/versions/node/v14.13.1/bin/node /usr/local/Cellar/yarn/1.22.4/libexec/bin/yarn.js install

PATH: 
  /Users/alexandrejuliao/.nvm/versions/node/v14.13.1/bin:/usr/local/bin:/usr/local/share/npm/bin:/usr/local/bin:/usr/bin:/bin:/usr/sbin:/sbin:/usr/local/share/dotnet:~/.dotnet/tools:/Library/Apple/usr/bin:/Library/Frameworks/Mono.framework/Versions/Current/Commands:/Users/alexandrejuliao/.nvm/versions/node/v14.13.1/bin:/usr/local/share/npm/bin

Yarn version: 
  1.22.4

Node version: 
  14.13.1

Platform: 
  darwin x64

Trace: 
  Error: https://registry.yarnpkg.com/@react-navigation-stack: Request "https://registry.yarnpkg.com/@react-navigation-stack" returned a 405
      at Request.params.callback [as _callback] (/usr/local/Cellar/yarn/1.22.4/libexec/lib/cli.js:66996:18)
      at Request.self.callback (/usr/local/Cellar/yarn/1.22.4/libexec/lib/cli.js:140748:22)
      at Request.emit (events.js:314:20)
      at Request.<anonymous> (/usr/local/Cellar/yarn/1.22.4/libexec/lib/cli.js:141720:10)
      at Request.emit (events.js:314:20)
      at IncomingMessage.<anonymous> (/usr/local/Cellar/yarn/1.22.4/libexec/lib/cli.js:141642:12)
      at Object.onceWrapper (events.js:420:28)
      at IncomingMessage.emit (events.js:326:22)
      at endReadableNT (_stream_readable.js:1252:12)
      at processTicksAndRejections (internal/process/task_queues.js:80:21)

npm manifest: 
  {
    "main": "node_modules/expo/AppEntry.js",
    "scripts": {
      "start": "expo start",
      "android": "expo start --android",
      "ios": "expo start --ios",
      "web": "expo start --web",
      "eject": "expo eject"
    },
    "dependencies": {
      "@expo-google-fonts/nunito": "^0.1.0",
      "@react-native-community/masked-view": "^0.1.10",
      "@react-navigation/native": "^5.7.6",
      "@react-navigation-stack": "^2.8.4",
      "expo": "~39.0.2",
      "expo-font": "~8.3.0",
      "expo-status-bar": "~1.0.2",
      "react": "16.13.1",
      "react-dom": "16.13.1",
      "react-native": "https://github.com/expo/react-native/archive/sdk-39.0.3.tar.gz",
      "react-native-gesture-handler": "~1.7.0",
      "react-native-maps": "0.27.1",
      "react-native-reanimated": "~1.13.0",
      "react-native-safe-area-context": "^3.1.8",
      "react-native-screens": "~2.10.1",
      "react-native-stack": "^1.0.0-alpha11",
      "react-native-web": "~0.13.12"
    },
    "devDependencies": {
      "@babel/core": "~7.9.0",
      "@types/react": "~16.9.35",
      "@types/react-dom": "~16.9.8",
      "@types/react-native": "~0.63.2",
      "typescript": "~3.9.5"
    },
    "private": true
  }

yarn manifest: 
  No manifest

Lockfile: 
  No lockfile
